build/app/intermediates/manifest_merge_blame_file/debug/manifest-merger-blame-debug-report.txt
1<?xml version="1.0" encoding="utf-8"?>
2<manifest xmlns:android="http://schemas.android.com/apk/res/android"
3    package="com.example.flutter_ar_project"
4    android:versionCode="1"
5    android:versionName="1.0.0" >
6
7    <uses-sdk
8        android:minSdkVersion="24"
9        android:targetSdkVersion="30" />
10    <!--
11         Flutter needs it to communicate with the running application
12         to allow setting breakpoints, to provide hot reload, etc.
13    -->
14    <uses-permission android:name="android.permission.INTERNET" />
14-->src/debug/AndroidManifest.xml:6:5-66
14-->src/debug/AndroidManifest.xml:6:22-64
15
16    <uses-feature android:glEsVersion="0x00030000" />
16-->[:unityLibrary] AndroidManifest.xml:13:5-54
16-->[:unityLibrary] AndroidManifest.xml:13:19-51
17    <uses-feature
17-->[:unityLibrary] AndroidManifest.xml:17:5-19:36
18        android:name="android.hardware.touchscreen"
18-->[:unityLibrary] AndroidManifest.xml:18:9-52
19        android:required="false" />
19-->[:unityLibrary] AndroidManifest.xml:19:9-33
20    <uses-feature
20-->[:unityLibrary] AndroidManifest.xml:20:5-22:36
21        android:name="android.hardware.touchscreen.multitouch"
21-->[:unityLibrary] AndroidManifest.xml:21:9-63
22        android:required="false" />
22-->[:unityLibrary] AndroidManifest.xml:22:9-33
23    <uses-feature
23-->[:unityLibrary] AndroidManifest.xml:23:5-25:36
24        android:name="android.hardware.touchscreen.multitouch.distinct"
24-->[:unityLibrary] AndroidManifest.xml:24:9-72
25        android:required="false" />
25-->[:unityLibrary] AndroidManifest.xml:25:9-33
26
27    <uses-permission android:name="android.permission.CAMERA" />
27-->[:unityLibrary] AndroidManifest.xml:27:5-65
27-->[:unityLibrary] AndroidManifest.xml:27:22-62
28
29    <uses-feature
29-->[:unityLibrary] AndroidManifest.xml:29:5-31:35
30        android:name="android.hardware.camera.ar"
30-->[:unityLibrary] AndroidManifest.xml:30:9-50
31        android:required="true" />
31-->[:unityLibrary] AndroidManifest.xml:31:9-32
32
33    <queries>
33-->[:arcore_client:] AndroidManifest.xml:29:5-31:15
34        <package android:name="com.google.ar.core" />
34-->[:arcore_client:] AndroidManifest.xml:30:9-54
34-->[:arcore_client:] AndroidManifest.xml:30:18-51
35    </queries>
36
37    <application
37-->src/main/AndroidManifest.xml:3:4-40:19
38        android:appComponentFactory="androidx.core.app.CoreComponentFactory"
38-->[androidx.core:core:1.1.0] AndroidManifest.xml:24:18-86
39        android:debuggable="true"
40        android:extractNativeLibs="false"
41        android:icon="@mipmap/ic_launcher"
41-->src/main/AndroidManifest.xml:5:9-43
42        android:label="flutter_ar_project" >
42-->src/main/AndroidManifest.xml:4:9-43
43        <activity
43-->src/main/AndroidManifest.xml:6:9-34:20
44            android:name="com.example.flutter_ar_project.MainActivity"
44-->src/main/AndroidManifest.xml:7:13-41
45            android:configChanges="orientation|keyboardHidden|keyboard|screenSize|smallestScreenSize|locale|layoutDirection|fontScale|screenLayout|density|uiMode"
45-->src/main/AndroidManifest.xml:10:13-163
46            android:hardwareAccelerated="true"
46-->src/main/AndroidManifest.xml:11:13-47
47            android:launchMode="singleTop"
47-->src/main/AndroidManifest.xml:8:13-43
48            android:theme="@style/LaunchTheme"
48-->src/main/AndroidManifest.xml:9:13-47
49            android:windowSoftInputMode="adjustResize" >
49-->src/main/AndroidManifest.xml:12:13-55
50
51            <!--
52                 Specifies an Android theme to apply to this Activity as soon as
53                 the Android process has started. This theme is visible to the user
54                 while the Flutter UI initializes. After that, this theme continues
55                 to determine the Window background behind the Flutter UI.
56            -->
57            <meta-data
57-->src/main/AndroidManifest.xml:17:13-20:17
58                android:name="io.flutter.embedding.android.NormalTheme"
58-->src/main/AndroidManifest.xml:18:15-70
59                android:resource="@style/NormalTheme" />
59-->src/main/AndroidManifest.xml:19:15-52
60            <!--
61                 Displays an Android View that continues showing the launch screen
62                 Drawable until Flutter paints its first frame, then this splash
63                 screen fades out. A splash screen is useful to avoid any visual
64                 gap between the end of Android's launch screen and the painting of
65                 Flutter's first frame.
66            -->
67            <meta-data
67-->src/main/AndroidManifest.xml:26:13-29:17
68                android:name="io.flutter.embedding.android.SplashScreenDrawable"
68-->src/main/AndroidManifest.xml:27:15-79
69                android:resource="@drawable/launch_background" />
69-->src/main/AndroidManifest.xml:28:15-61
70
71            <intent-filter>
71-->src/main/AndroidManifest.xml:30:13-33:29
72                <action android:name="android.intent.action.MAIN" />
72-->src/main/AndroidManifest.xml:31:17-68
72-->src/main/AndroidManifest.xml:31:25-66
73
74                <category android:name="android.intent.category.LAUNCHER" />
74-->src/main/AndroidManifest.xml:32:17-76
74-->src/main/AndroidManifest.xml:32:27-74
75            </intent-filter>
76        </activity>
77        <!--
78             Don't delete the meta-data below.
79             This is used by the Flutter tool to generate GeneratedPluginRegistrant.java
80        -->
81        <meta-data
81-->src/main/AndroidManifest.xml:37:9-39:33
82            android:name="flutterEmbedding"
82-->src/main/AndroidManifest.xml:38:13-44
83            android:value="2" />
83-->src/main/AndroidManifest.xml:39:13-30
84        <meta-data
84-->[:unityLibrary] AndroidManifest.xml:34:9-36:33
85            android:name="unity.splash-mode"
85-->[:unityLibrary] AndroidManifest.xml:35:13-45
86            android:value="0" />
86-->[:unityLibrary] AndroidManifest.xml:36:13-30
87        <meta-data
87-->[:unityLibrary] AndroidManifest.xml:37:9-39:36
88            android:name="unity.splash-enable"
88-->[:unityLibrary] AndroidManifest.xml:38:13-47
89            android:value="True" />
89-->[:unityLibrary] AndroidManifest.xml:39:13-33
90        <meta-data
90-->[:unityLibrary] AndroidManifest.xml:40:9-42:50
91            android:name="notch.config"
91-->[:unityLibrary] AndroidManifest.xml:41:13-40
92            android:value="portrait|landscape" />
92-->[:unityLibrary] AndroidManifest.xml:42:13-47
93        <meta-data
93-->[:unityLibrary] AndroidManifest.xml:43:9-45:68
94            android:name="unity.build-id"
94-->[:unityLibrary] AndroidManifest.xml:44:13-42
95            android:value="20ca95c0-1792-4b97-bdc8-c5cadea784a8" />
95-->[:unityLibrary] AndroidManifest.xml:45:13-65
96        <meta-data
96-->[:unityLibrary] AndroidManifest.xml:46:9-48:36
97            android:name="unityplayer.SkipPermissionsDialog"
97-->[:unityLibrary] AndroidManifest.xml:47:13-61
98            android:value="true" />
98-->[:unityLibrary] AndroidManifest.xml:48:13-33
99        <meta-data
99-->[:unityLibrary] AndroidManifest.xml:49:9-51:40
100            android:name="com.google.ar.core"
100-->[:unityLibrary] AndroidManifest.xml:50:13-46
101            android:value="required" />
101-->[:unityLibrary] AndroidManifest.xml:51:13-37
102
103        <provider
103-->[androidx.lifecycle:lifecycle-process:2.2.0] AndroidManifest.xml:25:9-29:43
104            android:name="androidx.lifecycle.ProcessLifecycleOwnerInitializer"
104-->[androidx.lifecycle:lifecycle-process:2.2.0] AndroidManifest.xml:26:13-79
105            android:authorities="com.example.flutter_ar_project.lifecycle-process"
105-->[androidx.lifecycle:lifecycle-process:2.2.0] AndroidManifest.xml:27:13-69
106            android:exported="false"
106-->[androidx.lifecycle:lifecycle-process:2.2.0] AndroidManifest.xml:28:13-37
107            android:multiprocess="true" /> <!-- The minimal version code of ARCore APK required for an app using this SDK. -->
107-->[androidx.lifecycle:lifecycle-process:2.2.0] AndroidManifest.xml:29:13-40
108        <meta-data
108-->[:arcore_client:] AndroidManifest.xml:36:9-38:41
109            android:name="com.google.ar.core.min_apk_version"
109-->[:arcore_client:] AndroidManifest.xml:37:13-62
110            android:value="201750000" /> <!-- This activity is critical for installing ARCore when it is not already present. -->
110-->[:arcore_client:] AndroidManifest.xml:38:13-38
111        <activity
111-->[:arcore_client:] AndroidManifest.xml:40:9-46:80
112            android:name="com.google.ar.core.InstallActivity"
112-->[:arcore_client:] AndroidManifest.xml:41:13-62
113            android:configChanges="keyboardHidden|orientation|screenSize"
113-->[:arcore_client:] AndroidManifest.xml:42:13-74
114            android:excludeFromRecents="true"
114-->[:arcore_client:] AndroidManifest.xml:43:13-46
115            android:exported="false"
115-->[:arcore_client:] AndroidManifest.xml:44:13-37
116            android:launchMode="singleTop"
116-->[:arcore_client:] AndroidManifest.xml:45:13-43
117            android:theme="@android:style/Theme.Material.Light.Dialog.Alert" />
117-->[:arcore_client:] AndroidManifest.xml:46:13-77
118    </application>
119
120</manifest>